Using pre-set license
Built from '2020.3/release' branch; Version is '2020.3.7f1 (dd97f2c94397) revision 14522354'; Using compiler version '192528614'; Build Type 'Release'
OS: 'Windows 10 Enterprise; OS build 19041.1415; Version 2004; 64bit' Language: 'en' Physical Memory: 32683 MB
BatchMode: 1, IsHumanControllingUs: 0, StartBugReporterOnCrash: 0, Is64bit: 1, IsPro: 0

 COMMAND LINE ARGUMENTS:
C:\Program Files\Unity\Editor\Unity.exe
-adb2
-batchMode
-noUpm
-name
AssetImportWorker0
-projectPath
C:/Users/agonella2/Documents/Alex_GAD170_1
-logFile
Logs/AssetImportWorker0.log
-srvPort
56967
Successfully changed project path to: C:/Users/agonella2/Documents/Alex_GAD170_1
C:/Users/agonella2/Documents/Alex_GAD170_1
Using Asset Import Pipeline V2.
Refreshing native plugins compatible for Editor in 24.95 ms, found 0 plugins.
Preloading 0 native plugins for Editor in 0.00 ms.
Initialize engine version: 2020.3.7f1 (dd97f2c94397)
[Subsystems] Discovering subsystems at path C:/Program Files/Unity/Editor/Data/Resources/UnitySubsystems
[Subsystems] Discovering subsystems at path C:/Users/agonella2/Documents/Alex_GAD170_1/Assets
GfxDevice: creating device client; threaded=0
Direct3D:
    Version:  Direct3D 11.0 [level 11.1]
    Renderer: NVIDIA GeForce GTX 980 (ID=0x13c0)
    Vendor:   
    VRAM:     4053 MB
    Driver:   27.21.14.5671
Initialize mono
Mono path[0] = 'C:/Program Files/Unity/Editor/Data/Managed'
Mono path[1] = 'C:/Program Files/Unity/Editor/Data/MonoBleedingEdge/lib/mono/unityjit'
Mono config path = 'C:/Program Files/Unity/Editor/Data/MonoBleedingEdge/etc'
Using monoOptions --debugger-agent=transport=dt_socket,embedding=1,server=y,suspend=n,address=127.0.0.1:56728
Begin MonoManager ReloadAssembly
Registering precompiled unity dll's ...
Register platform support module: C:/Program Files/Unity/Editor/Data/PlaybackEngines/WindowsStandaloneSupport/UnityEditor.WindowsStandalone.Extensions.dll
Registered in 0.002420 seconds.
Native extension for WindowsStandalone target not found
Refreshing native plugins compatible for Editor in 30.10 ms, found 0 plugins.
Preloading 0 native plugins for Editor in 0.00 ms.
Mono: successfully reloaded assembly
- Completed reload, in  1.283 seconds
Platform modules already initialized, skipping
Registering precompiled user dll's ...
Registered in 0.001710 seconds.
Begin MonoManager ReloadAssembly
Native extension for WindowsStandalone target not found
Refreshing native plugins compatible for Editor in 0.25 ms, found 0 plugins.
Preloading 0 native plugins for Editor in 0.00 ms.
Mono: successfully reloaded assembly
- Completed reload, in  0.972 seconds
Platform modules already initialized, skipping
========================================================================
Worker process is ready to serve import requests
Launched and connected shader compiler UnityShaderCompiler.exe after 0.07 seconds
Refreshing native plugins compatible for Editor in 0.30 ms, found 0 plugins.
Preloading 0 native plugins for Editor in 0.00 ms.
Unloading 1118 Unused Serialized files (Serialized files now loaded: 0)
System memory in use before: 57.2 MB.
System memory in use after: 57.2 MB.

Unloading 10 unused Assets to reduce memory usage. Loaded Objects now: 1560.
Total: 2.687600 ms (FindLiveObjects: 0.324900 ms CreateObjectMapping: 0.109000 ms MarkObjects: 2.148800 ms  DeleteObjects: 0.103200 ms)

========================================================================
Received Import Request.
  path: Assets/XPSystem.cs
  artifactKey: Guid(597ddf9b6167b2341ae93eb53834f30a) Importer(815301076,1909f56bfc062723c751e8b465ee728b)
Start importing Assets/XPSystem.cs using Guid(597ddf9b6167b2341ae93eb53834f30a) Importer(815301076,1909f56bfc062723c751e8b465ee728b)  -> (artifact id: '880ba1b97901994db99ac8f288f290de') in 0.042052 seconds
  Import took 0.044577 seconds .

========================================================================
Received Import Request.
  Time since last request: 32.130493 seconds.
  path: Assets/XPSystem.cs
  artifactKey: Guid(597ddf9b6167b2341ae93eb53834f30a) Importer(815301076,1909f56bfc062723c751e8b465ee728b)
Start importing Assets/XPSystem.cs using Guid(597ddf9b6167b2341ae93eb53834f30a) Importer(815301076,1909f56bfc062723c751e8b465ee728b)  -> (artifact id: '2a40ee0862b0f85f9cccdd01b4ef7806') in 0.003940 seconds
  Import took 0.007130 seconds .

========================================================================
Received Import Request.
  Time since last request: 47.698258 seconds.
  path: Assets/XPSystem.cs
  artifactKey: Guid(597ddf9b6167b2341ae93eb53834f30a) Importer(815301076,1909f56bfc062723c751e8b465ee728b)
Start importing Assets/XPSystem.cs using Guid(597ddf9b6167b2341ae93eb53834f30a) Importer(815301076,1909f56bfc062723c751e8b465ee728b)  -> (artifact id: 'f942b32a26db5e5a7d6457869a63c86f') in 0.003501 seconds
  Import took 0.006128 seconds .

========================================================================
Received Prepare
Registering precompiled user dll's ...
Registered in 0.001629 seconds.
Begin MonoManager ReloadAssembly
Native extension for WindowsStandalone target not found
Refreshing native plugins compatible for Editor in 0.29 ms, found 0 plugins.
Preloading 0 native plugins for Editor in 0.00 ms.
Mono: successfully reloaded assembly
- Completed reload, in  0.772 seconds
Platform modules already initialized, skipping
Refreshing native plugins compatible for Editor in 0.19 ms, found 0 plugins.
Preloading 0 native plugins for Editor in 0.00 ms.
Unloading 1113 Unused Serialized files (Serialized files now loaded: 0)
System memory in use before: 57.1 MB.
System memory in use after: 57.2 MB.

Unloading 5 unused Assets to reduce memory usage. Loaded Objects now: 1563.
Total: 1.829800 ms (FindLiveObjects: 0.160400 ms CreateObjectMapping: 0.032700 ms MarkObjects: 1.541800 ms  DeleteObjects: 0.093900 ms)

========================================================================
Received Import Request.
  Time since last request: 48.216392 seconds.
  path: Assets/XPSystem.cs
  artifactKey: Guid(597ddf9b6167b2341ae93eb53834f30a) Importer(815301076,1909f56bfc062723c751e8b465ee728b)
Start importing Assets/XPSystem.cs using Guid(597ddf9b6167b2341ae93eb53834f30a) Importer(815301076,1909f56bfc062723c751e8b465ee728b)  -> (artifact id: '258d7f26e1f53640467b758eb8baebe7') in 0.004379 seconds
  Import took 0.006197 seconds .

========================================================================
Received Prepare
Registering precompiled user dll's ...
Registered in 0.001690 seconds.
Begin MonoManager ReloadAssembly
Native extension for WindowsStandalone target not found
Refreshing native plugins compatible for Editor in 0.28 ms, found 0 plugins.
Preloading 0 native plugins for Editor in 0.00 ms.
Mono: successfully reloaded assembly
- Completed reload, in  0.973 seconds
Platform modules already initialized, skipping
Refreshing native plugins compatible for Editor in 0.31 ms, found 0 plugins.
Preloading 0 native plugins for Editor in 0.00 ms.
Unloading 1113 Unused Serialized files (Serialized files now loaded: 0)
System memory in use before: 57.2 MB.
System memory in use after: 57.2 MB.

Unloading 5 unused Assets to reduce memory usage. Loaded Objects now: 1566.
Total: 1.867500 ms (FindLiveObjects: 0.183200 ms CreateObjectMapping: 0.049700 ms MarkObjects: 1.577600 ms  DeleteObjects: 0.055100 ms)

========================================================================
Received Prepare
Registering precompiled user dll's ...
Registered in 0.001298 seconds.
Begin MonoManager ReloadAssembly
Native extension for WindowsStandalone target not found
Refreshing native plugins compatible for Editor in 0.19 ms, found 0 plugins.
Preloading 0 native plugins for Editor in 0.00 ms.
Mono: successfully reloaded assembly
- Completed reload, in  0.780 seconds
Platform modules already initialized, skipping
Refreshing native plugins compatible for Editor in 0.20 ms, found 0 plugins.
Preloading 0 native plugins for Editor in 0.00 ms.
Unloading 1113 Unused Serialized files (Serialized files now loaded: 0)
System memory in use before: 57.2 MB.
System memory in use after: 57.2 MB.

Unloading 5 unused Assets to reduce memory usage. Loaded Objects now: 1569.
Total: 2.808300 ms (FindLiveObjects: 0.204300 ms CreateObjectMapping: 0.057300 ms MarkObjects: 2.469200 ms  DeleteObjects: 0.074700 ms)

========================================================================
Received Prepare
Registering precompiled user dll's ...
Registered in 0.001204 seconds.
Begin MonoManager ReloadAssembly
Native extension for WindowsStandalone target not found
Refreshing native plugins compatible for Editor in 0.33 ms, found 0 plugins.
Preloading 0 native plugins for Editor in 0.00 ms.
Mono: successfully reloaded assembly
- Completed reload, in  0.748 seconds
Platform modules already initialized, skipping
Refreshing native plugins compatible for Editor in 0.21 ms, found 0 plugins.
Preloading 0 native plugins for Editor in 0.00 ms.
Unloading 1113 Unused Serialized files (Serialized files now loaded: 0)
System memory in use before: 57.2 MB.
System memory in use after: 57.3 MB.

Unloading 5 unused Assets to reduce memory usage. Loaded Objects now: 1572.
Total: 1.737400 ms (FindLiveObjects: 0.156500 ms CreateObjectMapping: 0.054700 ms MarkObjects: 1.446800 ms  DeleteObjects: 0.078500 ms)

========================================================================
Received Prepare
Registering precompiled user dll's ...
Registered in 0.001925 seconds.
Begin MonoManager ReloadAssembly
Native extension for WindowsStandalone target not found
Refreshing native plugins compatible for Editor in 0.19 ms, found 0 plugins.
Preloading 0 native plugins for Editor in 0.00 ms.
Mono: successfully reloaded assembly
- Completed reload, in  0.750 seconds
Platform modules already initialized, skipping
Refreshing native plugins compatible for Editor in 0.45 ms, found 0 plugins.
Preloading 0 native plugins for Editor in 0.00 ms.
Unloading 1113 Unused Serialized files (Serialized files now loaded: 0)
System memory in use before: 57.2 MB.
System memory in use after: 57.3 MB.

Unloading 5 unused Assets to reduce memory usage. Loaded Objects now: 1575.
Total: 2.074600 ms (FindLiveObjects: 0.222800 ms CreateObjectMapping: 0.054300 ms MarkObjects: 1.733500 ms  DeleteObjects: 0.062500 ms)

AssetImportWorkerClient::OnTransportError - code=2 error=End of file
